<?xml version="1.0" encoding="UTF-8"?>
<testng-results ignored="0" total="2" passed="2" failed="0" skipped="0">
  <reporter-output>
  </reporter-output>
  <suite started-at="2024-07-15T11:23:24 IST" name="Default suite" finished-at="2024-07-15T11:23:24 IST" duration-ms="101">
    <groups>
    </groups>
    <test started-at="2024-07-15T11:23:24 IST" name="Default test" finished-at="2024-07-15T11:23:24 IST" duration-ms="101">
      <class name="child">
        <test-method is-config="true" signature="beforeRun()[pri:0, instance:child@2d35442b]" started-at="2024-07-15T11:23:24 IST" name="beforeRun" finished-at="2024-07-15T11:23:24 IST" duration-ms="11" status="PASS">
          <reporter-output>
          </reporter-output>
        </test-method> <!-- beforeRun -->
        <test-method signature="getData()[pri:0, instance:child@2d35442b]" started-at="2024-07-15T11:23:24 IST" name="getData" finished-at="2024-07-15T11:23:24 IST" duration-ms="24" status="PASS">
          <reporter-output>
          </reporter-output>
        </test-method> <!-- getData -->
        <test-method is-config="true" signature="afterRun()[pri:0, instance:child@2d35442b]" started-at="2024-07-15T11:23:24 IST" name="afterRun" finished-at="2024-07-15T11:23:24 IST" duration-ms="0" status="PASS">
          <reporter-output>
          </reporter-output>
        </test-method> <!-- afterRun -->
        <test-method is-config="true" signature="beforeRun()[pri:0, instance:child@2d35442b]" started-at="2024-07-15T11:23:24 IST" name="beforeRun" finished-at="2024-07-15T11:23:24 IST" duration-ms="0" status="PASS">
          <reporter-output>
          </reporter-output>
        </test-method> <!-- beforeRun -->
        <test-method signature="dothis()[pri:0, instance:child@2d35442b]" started-at="2024-07-15T11:23:24 IST" name="dothis" finished-at="2024-07-15T11:23:24 IST" duration-ms="0" status="PASS">
          <reporter-output>
          </reporter-output>
        </test-method> <!-- dothis -->
        <test-method is-config="true" signature="afterRun()[pri:0, instance:child@2d35442b]" started-at="2024-07-15T11:23:24 IST" name="afterRun" finished-at="2024-07-15T11:23:24 IST" duration-ms="0" status="PASS">
          <reporter-output>
          </reporter-output>
        </test-method> <!-- afterRun -->
      </class> <!-- child -->
    </test> <!-- Default test -->
  </suite> <!-- Default suite -->
</testng-results>
